<?xml version="1.0" encoding="UTF-8"?>
<!-- Generated by org.testng.reporters.JUnitReportReporter -->
<testsuite skipped="0" hostname="DESKTOP-33TEPOU" name="org.depends.ClassDepends" tests="3" failures="0" timestamp="23 Jan 2023 12:24:37 GMT" time="0.027" errors="0">
  <testcase name="tc_1" time="0.003" classname="org.depends.ClassDepends"/>
  <testcase name="tc_3" time="0.022" classname="org.depends.ClassDepends"/>
  <testcase name="tc_2" time="0.002" classname="org.depends.ClassDepends"/>
</testsuite> <!-- org.depends.ClassDepends -->
