<?xml version="1.0" encoding="UTF-8"?>
<!-- Generated by org.testng.reporters.JUnitReportReporter -->
<testsuite skipped="0" hostname="DESKTOP-33TEPOU" name="Prioity" tests="6" failures="0" timestamp="17 Jan 2023 13:24:30 GMT" time="0.067" errors="0">
  <testcase name="tc_2" time="0.030" classname="Prioity"/>
  <testcase name="tc_4" time="0.002" classname="Prioity"/>
  <testcase name="tc_6" time="0.005" classname="Prioity"/>
  <testcase name="tc_3" time="0.009" classname="Prioity"/>
  <testcase name="tc_1" time="0.009" classname="Prioity"/>
  <testcase name="tc_5" time="0.012" classname="Prioity"/>
</testsuite> <!-- Prioity -->
