<?xml version="1.0" encoding="UTF-8"?>
<!-- Generated by org.testng.reporters.JUnitReportReporter -->
<testsuite skipped="0" hostname="DESKTOP-33TEPOU" name="org.grouping.GropClass" tests="2" failures="0" timestamp="23 Jan 2023 05:57:34 GMT" time="0.016" errors="0">
  <testcase name="tc_1" time="0.016" classname="org.grouping.GropClass"/>
  <testcase name="tc_6" time="0.000" classname="org.grouping.GropClass"/>
</testsuite> <!-- org.grouping.GropClass -->
