<?xml version="1.0" encoding="UTF-8"?>
<!-- Generated by org.testng.reporters.JUnitReportReporter -->
<testsuite skipped="0" hostname="DESKTOP-33TEPOU" name="org.depends.GroupDependsClass" tests="1" failures="0" timestamp="23 Jan 2023 12:31:21 GMT" time="0.017" errors="0">
  <testcase name="tc_3" time="0.017" classname="org.depends.GroupDependsClass"/>
</testsuite> <!-- org.depends.GroupDependsClass -->
