<?xml version="1.0" encoding="UTF-8"?>
<!-- Generated by org.testng.reporters.JUnitReportReporter -->
<testsuite skipped="0" hostname="DESKTOP-33TEPOU" name="org.parameter.ParameterProg" tests="3" failures="0" timestamp="23 Jan 2023 06:18:06 GMT" time="24.813" errors="0">
  <testcase name="login" time="7.383" classname="org.parameter.ParameterProg"/>
  <testcase name="login" time="8.456" classname="org.parameter.ParameterProg"/>
  <testcase name="login" time="8.974" classname="org.parameter.ParameterProg"/>
</testsuite> <!-- org.parameter.ParameterProg -->
