<?xml version="1.0" encoding="UTF-8"?>
<!-- Generated by org.testng.reporters.JUnitReportReporter -->
<testsuite skipped="0" hostname="DESKTOP-33TEPOU" name="org.include.IncluProg" tests="4" failures="0" timestamp="23 Jan 2023 06:23:25 GMT" time="0.015" errors="0">
  <testcase name="tt_3" time="0.000" classname="org.include.IncluProg"/>
  <testcase name="tt_1" time="0.015" classname="org.include.IncluProg"/>
  <testcase name="tt_2" time="0.000" classname="org.include.IncluProg"/>
  <testcase name="tt_4" time="0.000" classname="org.include.IncluProg"/>
</testsuite> <!-- org.include.IncluProg -->
