<?xml version="1.0" encoding="UTF-8"?>
<!-- Generated by org.testng.reporters.JUnitReportReporter -->
<testsuite skipped="0" hostname="DESKTOP-33TEPOU" name="org.priority.PriorityCalssA" tests="4" failures="0" timestamp="18 Jan 2023 13:58:32 GMT" time="0.016" errors="0">
  <testcase name="tc_2" time="0.016" classname="org.priority.PriorityCalssA"/>
  <testcase name="tc_4" time="0.000" classname="org.priority.PriorityCalssA"/>
  <testcase name="tc_3" time="0.000" classname="org.priority.PriorityCalssA"/>
  <testcase name="tc_1" time="0.000" classname="org.priority.PriorityCalssA"/>
</testsuite> <!-- org.priority.PriorityCalssA -->
