<?xml version="1.0" encoding="UTF-8"?>
<!-- Generated by org.testng.reporters.JUnitReportReporter -->
<testsuite skipped="0" hostname="DESKTOP-33TEPOU" name="org.testng.ClassNg" tests="2" failures="0" timestamp="13 Jan 2023 13:03:46 GMT" time="0.037" errors="0">
  <testcase name="tc_9" time="0.019" classname="org.testng.ClassNg"/>
  <testcase name="tc_10" time="0.018" classname="org.testng.ClassNg"/>
</testsuite> <!-- org.testng.ClassNg -->
