<?xml version="1.0" encoding="UTF-8"?>
<!-- Generated by org.testng.reporters.JUnitReportReporter -->
<testsuite skipped="0" hostname="DESKTOP-33TEPOU" name="org.include.IncludeProg" tests="4" failures="0" timestamp="18 Jan 2023 13:16:37 GMT" time="0.016" errors="0">
  <testcase name="ta_3" time="0.000" classname="org.include.IncludeProg"/>
  <testcase name="ta_1" time="0.016" classname="org.include.IncludeProg"/>
  <testcase name="ta_2" time="0.000" classname="org.include.IncludeProg"/>
  <testcase name="ta_4" time="0.000" classname="org.include.IncludeProg"/>
</testsuite> <!-- org.include.IncludeProg -->
